#
# A fatal error has been detected by the Java Runtime Environment:
#
#  Internal Error (javaClasses.cpp:136), pid=37436, tid=764
#  fatal error: Invalid layout of preloaded class
#
# JRE version:  (7.0_51-b13) (build )
# Java VM: Java HotSpot(TM) 64-Bit Server VM (24.51-b03 mixed mode windows-amd64 compressed oops)
# Failed to write core dump. Minidumps are not enabled by default on client versions of Windows
#
# If you would like to submit a bug report, please visit:
#   http://bugreport.sun.com/bugreport/crash.jsp
#

---------------  T H R E A D  ---------------

Current thread (0x0000000001e3e000):  JavaThread "Unknown thread" [_thread_in_vm, id=764, stack(0x0000000002190000,0x0000000002290000)]

Stack: [0x0000000002190000,0x0000000002290000]

---------------  P R O C E S S  ---------------

Java Threads: ( => current thread )

Other Threads:

=>0x0000000001e3e000 (exited) JavaThread "Unknown thread" [_thread_in_vm, id=764, stack(0x0000000002190000,0x0000000002290000)]

VM state:not at safepoint (not fully initialized)

VM Mutex/Monitor currently owned by a thread: None

GC Heap History (0 events):
No events

Deoptimization events (0 events):
No events

Internal exceptions (0 events):
No events

Events (10 events):
Event: 0.035 loading class 0x000000000aa70760 done
Event: 0.035 loading class 0x000000000aa70180 done
Event: 0.035 loading class 0x000000000aa70160
Event: 0.035 loading class 0x000000000aa78260
Event: 0.035 loading class 0x000000000aa78260 done
Event: 0.035 loading class 0x000000000aa78290
Event: 0.035 loading class 0x000000000aa78290 done
Event: 0.035 loading class 0x000000000aa782c0
Event: 0.035 loading class 0x000000000aa782c0 done
Event: 0.036 loading class 0x000000000aa70160 done


Dynamic libraries:
0x000000013f370000 - 0x000000013f3a3000 	C:\Program Files\Java\jdk1.7.0_51\bin\javaw.exe
0x00000000773f0000 - 0x0000000077599000 	C:\Windows\SYSTEM32\ntdll.dll
0x00000000771d0000 - 0x00000000772ef000 	C:\Windows\system32\kernel32.dll
0x000007fefc4b0000 - 0x000007fefc51c000 	C:\Windows\system32\KERNELBASE.dll
0x000007fefe560000 - 0x000007fefe63b000 	C:\Windows\system32\ADVAPI32.dll
0x000007fefdff0000 - 0x000007fefe08f000 	C:\Windows\system32\msvcrt.dll
0x000007fefdd90000 - 0x000007fefddaf000 	C:\Windows\SYSTEM32\sechost.dll
0x000007fefe3c0000 - 0x000007fefe4ed000 	C:\Windows\system32\RPCRT4.dll
0x00000000772f0000 - 0x00000000773ea000 	C:\Windows\system32\USER32.dll
0x000007fefe4f0000 - 0x000007fefe557000 	C:\Windows\system32\GDI32.dll
0x000007fefcbd0000 - 0x000007fefcbde000 	C:\Windows\system32\LPK.dll
0x000007fefdb90000 - 0x000007fefdc59000 	C:\Windows\system32\USP10.dll
0x000007fefaf70000 - 0x000007fefb164000 	C:\Windows\WinSxS\amd64_microsoft.windows.common-controls_6595b64144ccf1df_6.0.7601.17514_none_fa396087175ac9ac\COMCTL32.dll
0x000007fefc9f0000 - 0x000007fefca61000 	C:\Windows\system32\SHLWAPI.dll
0x000007fefcba0000 - 0x000007fefcbce000 	C:\Windows\system32\IMM32.DLL
0x000007fefca70000 - 0x000007fefcb79000 	C:\Windows\system32\MSCTF.dll
0x000007fefc350000 - 0x000007fefc3b6000 	C:\Windows\system32\nvinitx.dll
0x0000000078c80000 - 0x0000000078d52000 	C:\Program Files\Java\jdk1.7.0_51\jre\bin\msvcr100.dll
0x000000006e500000 - 0x000000006ecc9000 	C:\Program Files\Java\jdk1.7.0_51\jre\bin\server\jvm.dll
0x000007fef5220000 - 0x000007fef5229000 	C:\Windows\system32\WSOCK32.dll
0x000007fefdc60000 - 0x000007fefdcad000 	C:\Windows\system32\WS2_32.dll
0x000007fefdb80000 - 0x000007fefdb88000 	C:\Windows\system32\NSI.dll
0x000007fefa010000 - 0x000007fefa04b000 	C:\Windows\system32\WINMM.dll
0x00000000775c0000 - 0x00000000775c7000 	C:\Windows\system32\PSAPI.DLL
0x0000000073370000 - 0x000000007337f000 	C:\Program Files\Java\jdk1.7.0_51\jre\bin\verify.dll
0x000000006af30000 - 0x000000006af58000 	C:\Program Files\Java\jdk1.7.0_51\jre\bin\java.dll
0x000000006af10000 - 0x000000006af25000 	C:\Program Files\Java\jdk1.7.0_51\jre\bin\zip.dll

VM Arguments:
jvm_args: -Dfile.encoding=Cp1252 -Xbootclasspath:E:\Android\adt-bundle-windows-x86_64-20131030\sdk\platforms\android-19\android.jar 
java_command: com.example.mylastnight.passwordcheck
Launcher Type: SUN_STANDARD

Environment Variables:
PATH=C:/Program Files/Java/jdk1.7.0_51/bin/../jre/bin/server;C:/Program Files/Java/jdk1.7.0_51/bin/../jre/bin;C:/Program Files/Java/jdk1.7.0_51/bin/../jre/lib/amd64;C:\Program Files (x86)\NVIDIA Corporation\PhysX\Common;C:\Program Files\Common Files\Microsoft Shared\Windows Live;C:\Program Files (x86)\Common Files\Microsoft Shared\Windows Live;C:\Windows\system32;C:\Windows;C:\Windows\System32\Wbem;C:\Windows\System32\WindowsPowerShell\v1.0\;C:\Program Files (x86)\Common Files\Roxio Shared\DLLShared\;C:\Program Files (x86)\Common Files\Roxio Shared\OEM\DLLShared\;C:\Program Files (x86)\Common Files\Roxio Shared\OEM\DLLShared\;C:\Program Files (x86)\Common Files\Roxio Shared\OEM\12.0\DLLShared\;C:\Program Files (x86)\Roxio\OEM\AudioCore\;C:\Program Files (x86)\Windows Live\Shared;C:\Program Files (x86)\Java\jdk1.7.0_51\bin;C:\Program Files\Java\jdk1.7.0_51\bin;C:\Program Files (x86)\QuickTime\QTSystem\;A:\node\;c:\users\abhi\appdata\local\enthought\canopy\user\scripts;C:\Users\Abhi\AppData\Local\Enthought\Canopy\User;C:\Users\Abhi\AppData\Local\Enthought\Canopy\User\Scripts;C:\Users\Abhi\AppData\Roaming\npm;.;;E:\Android\adt-bundle-windows-x86_64-20131030\eclipse;;.;
USERNAME=Abhi
OS=Windows_NT
PROCESSOR_IDENTIFIER=Intel64 Family 6 Model 58 Stepping 9, GenuineIntel



---------------  S Y S T E M  ---------------

OS: Windows 7 , 64 bit Build 7601 Service Pack 1

CPU:total 8 (4 cores per cpu, 2 threads per core) family 6 model 58 stepping 9, cmov, cx8, fxsr, mmx, sse, sse2, sse3, ssse3, sse4.1, sse4.2, popcnt, avx, aes, erms, ht, tsc, tscinvbit, tscinv

Memory: 4k page, physical 8268092k(866328k free), swap 27465236k(2952552k free)

vm_info: Java HotSpot(TM) 64-Bit Server VM (24.51-b03) for windows-amd64 JRE (1.7.0_51-b13), built on Dec 18 2013 18:40:56 by "java_re" with unknown MS VC++:1600

time: Wed Oct 15 20:56:00 2014
elapsed time: 0 seconds

